<?xml version="1.0" encoding="UTF-8"?>
<!-- Generated by org.testng.reporters.JUnitReportReporter -->
<testsuite name="com.Rest.Test1_BasicFeatures" tests="4" time="4.980" ignored="0" failures="0" timestamp="02 May 2017 12:11:05 GMT" skipped="0" hostname="RIPL-LT-PKulkar" errors="0">
  <testcase name="TestCase1" time="2.447" classname="com.Rest.Test1_BasicFeatures"/>
  <testcase name="TestCase6" time="0.700" classname="com.Rest.Test1_BasicFeatures"/>
  <testcase name="TestCase4" time="0.604" classname="com.Rest.Test1_BasicFeatures"/>
  <testcase name="TestCase2" time="1.229" classname="com.Rest.Test1_BasicFeatures"/>
</testsuite> <!-- com.Rest.Test1_BasicFeatures -->
