<?xml version="1.0" encoding="UTF-8"?>
<!-- Generated by org.testng.reporters.JUnitReportReporter -->
<testsuite name="com.Rest.Test1_BasicFeatures" tests="4" time="4.669" ignored="0" failures="0" timestamp="04 May 2017 11:00:29 GMT" skipped="0" hostname="RIPL-LT-PKulkar" errors="0">
  <testcase name="TestCase1" time="2.243" classname="com.Rest.Test1_BasicFeatures"/>
  <testcase name="TestCase2" time="1.215" classname="com.Rest.Test1_BasicFeatures"/>
  <testcase name="TestCase4" time="0.546" classname="com.Rest.Test1_BasicFeatures"/>
  <testcase name="TestCase6" time="0.665" classname="com.Rest.Test1_BasicFeatures"/>
</testsuite> <!-- com.Rest.Test1_BasicFeatures -->
