<?xml version="1.0" encoding="UTF-8"?>
<!-- Generated by org.testng.reporters.JUnitReportReporter -->
<testsuite name="com.Rest.Test2" tests="1" time="0.000" ignored="0" failures="0" timestamp="02 May 2017 11:12:40 GMT" skipped="0" hostname="RIPL-LT-PKulkar" errors="0">
  <testcase name="TestCase1" time="0.000" classname="com.Rest.Test2"/>
</testsuite> <!-- com.Rest.Test2 -->
