<?xml version="1.0" encoding="UTF-8"?>
<!-- Generated by org.testng.reporters.JUnitReportReporter -->
<testsuite name="com.Rest.Test1_BasicFeatures" tests="4" time="5.041" ignored="0" failures="0" timestamp="02 May 2017 11:12:40 GMT" skipped="0" hostname="RIPL-LT-PKulkar" errors="0">
  <testcase name="TestCase1" time="2.750" classname="com.Rest.Test1_BasicFeatures"/>
  <testcase name="TestCase2" time="1.130" classname="com.Rest.Test1_BasicFeatures"/>
  <testcase name="TestCase6" time="0.580" classname="com.Rest.Test1_BasicFeatures"/>
  <testcase name="TestCase4" time="0.581" classname="com.Rest.Test1_BasicFeatures"/>
</testsuite> <!-- com.Rest.Test1_BasicFeatures -->
