<?xml version="1.0" encoding="UTF-8"?>
<!-- Generated by org.testng.reporters.JUnitReportReporter -->
<testsuite name="com.Rest.Test1_BasicFeatures" tests="4" time="4.154" ignored="0" failures="0" timestamp="27 Apr 2017 05:31:27 GMT" skipped="0" hostname="RIPL-LT-PKulkar" errors="0">
  <testcase name="TestCase1" time="1.950" classname="com.Rest.Test1_BasicFeatures"/>
  <testcase name="TestCase6" time="0.671" classname="com.Rest.Test1_BasicFeatures"/>
  <testcase name="TestCase2" time="1.002" classname="com.Rest.Test1_BasicFeatures"/>
  <testcase name="TestCase4" time="0.531" classname="com.Rest.Test1_BasicFeatures"/>
</testsuite> <!-- com.Rest.Test1_BasicFeatures -->
