<?xml version="1.0" encoding="UTF-8"?>
<!-- Generated by org.testng.reporters.JUnitReportReporter -->
<testsuite name="com.Rest.AppTest" tests="1" time="0.001" ignored="0" failures="0" timestamp="27 Apr 2017 10:22:35 GMT" skipped="0" hostname="RIPL-LT-PKulkar" errors="0">
  <testcase name="testApp" time="0.001" classname="com.Rest.AppTest"/>
</testsuite> <!-- com.Rest.AppTest -->
