<?xml version="1.0" encoding="UTF-8"?>
<!-- Generated by org.testng.reporters.JUnitReportReporter -->
<testsuite name="com.Rest.AppTest" tests="1" time="0.000" ignored="0" failures="0" timestamp="04 May 2017 11:00:29 GMT" skipped="0" hostname="RIPL-LT-PKulkar" errors="0">
  <testcase name="testApp" time="0.000" classname="com.Rest.AppTest"/>
</testsuite> <!-- com.Rest.AppTest -->
