<?xml version="1.0" encoding="UTF-8"?>
<!-- Generated by org.testng.reporters.JUnitReportReporter -->
<testsuite skipped="0" hostname="RIPL-LT-PKulkar" name="com.Rest.Test1_BasicFeatures" tests="4" failures="0" timestamp="27 Apr 2017 05:29:38 GMT" time="5.310" errors="0">
  <testcase name="TestCase2" time="1.014" classname="com.Rest.Test1_BasicFeatures"/>
  <testcase name="TestCase1" time="3.203" classname="com.Rest.Test1_BasicFeatures"/>
  <testcase name="TestCase4" time="0.531" classname="com.Rest.Test1_BasicFeatures"/>
  <testcase name="TestCase6" time="0.562" classname="com.Rest.Test1_BasicFeatures"/>
</testsuite> <!-- com.Rest.Test1_BasicFeatures -->
