<?xml version="1.0" encoding="UTF-8"?>
<!-- Generated by org.testng.reporters.JUnitReportReporter -->
<testsuite skipped="0" hostname="RIPL-LT-PKulkar" name="com.Rest.Test1_BasicFeatures" tests="1" failures="0" timestamp="13 Apr 2017 08:55:24 GMT" time="2.463" errors="0">
  <testcase name="TestCase6" time="2.463" classname="com.Rest.Test1_BasicFeatures"/>
</testsuite> <!-- com.Rest.Test1_BasicFeatures -->
